e:\asu\thesis\tessellation\tessellation(ssao)\tessellation\tessellation\tessmesh\debug\vc140.pdb
e:\asu\thesis\tessellation\tessellation(ssao)\tessellation\tessellation\tessmesh\debug\vc140.idb
e:\asu\thesis\tessellation\tessellation(ssao)\tessellation\tessellation\tessmesh\debug\tessmesh.obj
e:\asu\thesis\tessellation\tessellation(ssao)\tessellation\tessellation\debug\tessmesh.ilk
e:\asu\thesis\tessellation\tessellation(ssao)\tessellation\tessellation\debug\tessmesh.exe
e:\asu\thesis\tessellation\tessellation(ssao)\tessellation\tessellation\debug\tessmesh.pdb
e:\asu\thesis\tessellation\tessellation(ssao)\tessellation\tessellation\tessmesh\debug\objloader.obj
e:\asu\thesis\tessellation\tessellation(ssao)\tessellation\tessellation\tessmesh\debug\tessmesh.tlog\cl.command.1.tlog
e:\asu\thesis\tessellation\tessellation(ssao)\tessellation\tessellation\tessmesh\debug\tessmesh.tlog\cl.read.1.tlog
e:\asu\thesis\tessellation\tessellation(ssao)\tessellation\tessellation\tessmesh\debug\tessmesh.tlog\cl.write.1.tlog
e:\asu\thesis\tessellation\tessellation(ssao)\tessellation\tessellation\tessmesh\debug\tessmesh.tlog\link.17284.delete.1.tlog
e:\asu\thesis\tessellation\tessellation(ssao)\tessellation\tessellation\tessmesh\debug\tessmesh.tlog\link.17452.delete.1.tlog
e:\asu\thesis\tessellation\tessellation(ssao)\tessellation\tessellation\tessmesh\debug\tessmesh.tlog\link.2876.delete.1.tlog
e:\asu\thesis\tessellation\tessellation(ssao)\tessellation\tessellation\tessmesh\debug\tessmesh.tlog\link.3560.delete.1.tlog
e:\asu\thesis\tessellation\tessellation(ssao)\tessellation\tessellation\tessmesh\debug\tessmesh.tlog\link.4480.delete.1.tlog
e:\asu\thesis\tessellation\tessellation(ssao)\tessellation\tessellation\tessmesh\debug\tessmesh.tlog\link.6052.delete.1.tlog
e:\asu\thesis\tessellation\tessellation(ssao)\tessellation\tessellation\tessmesh\debug\tessmesh.tlog\link.6280.delete.1.tlog
e:\asu\thesis\tessellation\tessellation(ssao)\tessellation\tessellation\tessmesh\debug\tessmesh.tlog\link.command.1.tlog
e:\asu\thesis\tessellation\tessellation(ssao)\tessellation\tessellation\tessmesh\debug\tessmesh.tlog\link.delete.1.tlog
e:\asu\thesis\tessellation\tessellation(ssao)\tessellation\tessellation\tessmesh\debug\tessmesh.tlog\link.read.1.tlog
e:\asu\thesis\tessellation\tessellation(ssao)\tessellation\tessellation\tessmesh\debug\tessmesh.tlog\link.write.1.tlog
