e:\asu\thesis\tessellation\tessellation(ssao)\tessellation\tessellation\ssao\debug\vc140.pdb
e:\asu\thesis\tessellation\tessellation(ssao)\tessellation\tessellation\ssao\debug\vc140.idb
e:\asu\thesis\tessellation\tessellation(ssao)\tessellation\tessellation\ssao\debug\main.obj
e:\asu\thesis\tessellation\tessellation(ssao)\tessellation\tessellation\debug\ssao.ilk
e:\asu\thesis\tessellation\tessellation(ssao)\tessellation\tessellation\debug\ssao.exe
e:\asu\thesis\tessellation\tessellation(ssao)\tessellation\tessellation\debug\ssao.pdb
e:\asu\thesis\tessellation\tessellation(ssao)\tessellation\tessellation\ssao\debug\ssao.tlog\cl.command.1.tlog
e:\asu\thesis\tessellation\tessellation(ssao)\tessellation\tessellation\ssao\debug\ssao.tlog\cl.read.1.tlog
e:\asu\thesis\tessellation\tessellation(ssao)\tessellation\tessellation\ssao\debug\ssao.tlog\cl.write.1.tlog
e:\asu\thesis\tessellation\tessellation(ssao)\tessellation\tessellation\ssao\debug\ssao.tlog\link.10088.delete.1.tlog
e:\asu\thesis\tessellation\tessellation(ssao)\tessellation\tessellation\ssao\debug\ssao.tlog\link.10136.delete.1.tlog
e:\asu\thesis\tessellation\tessellation(ssao)\tessellation\tessellation\ssao\debug\ssao.tlog\link.10300.delete.1.tlog
e:\asu\thesis\tessellation\tessellation(ssao)\tessellation\tessellation\ssao\debug\ssao.tlog\link.10600.delete.1.tlog
e:\asu\thesis\tessellation\tessellation(ssao)\tessellation\tessellation\ssao\debug\ssao.tlog\link.10612.delete.1.tlog
e:\asu\thesis\tessellation\tessellation(ssao)\tessellation\tessellation\ssao\debug\ssao.tlog\link.10644.delete.1.tlog
e:\asu\thesis\tessellation\tessellation(ssao)\tessellation\tessellation\ssao\debug\ssao.tlog\link.10856.delete.1.tlog
e:\asu\thesis\tessellation\tessellation(ssao)\tessellation\tessellation\ssao\debug\ssao.tlog\link.11004.delete.1.tlog
e:\asu\thesis\tessellation\tessellation(ssao)\tessellation\tessellation\ssao\debug\ssao.tlog\link.11364.delete.1.tlog
e:\asu\thesis\tessellation\tessellation(ssao)\tessellation\tessellation\ssao\debug\ssao.tlog\link.11588.delete.1.tlog
e:\asu\thesis\tessellation\tessellation(ssao)\tessellation\tessellation\ssao\debug\ssao.tlog\link.11620.delete.1.tlog
e:\asu\thesis\tessellation\tessellation(ssao)\tessellation\tessellation\ssao\debug\ssao.tlog\link.11724.delete.1.tlog
e:\asu\thesis\tessellation\tessellation(ssao)\tessellation\tessellation\ssao\debug\ssao.tlog\link.11812.delete.1.tlog
e:\asu\thesis\tessellation\tessellation(ssao)\tessellation\tessellation\ssao\debug\ssao.tlog\link.11956.delete.1.tlog
e:\asu\thesis\tessellation\tessellation(ssao)\tessellation\tessellation\ssao\debug\ssao.tlog\link.12332.delete.1.tlog
e:\asu\thesis\tessellation\tessellation(ssao)\tessellation\tessellation\ssao\debug\ssao.tlog\link.1240.delete.1.tlog
e:\asu\thesis\tessellation\tessellation(ssao)\tessellation\tessellation\ssao\debug\ssao.tlog\link.12584.delete.1.tlog
e:\asu\thesis\tessellation\tessellation(ssao)\tessellation\tessellation\ssao\debug\ssao.tlog\link.12988.delete.1.tlog
e:\asu\thesis\tessellation\tessellation(ssao)\tessellation\tessellation\ssao\debug\ssao.tlog\link.13020.delete.1.tlog
e:\asu\thesis\tessellation\tessellation(ssao)\tessellation\tessellation\ssao\debug\ssao.tlog\link.13048.delete.1.tlog
e:\asu\thesis\tessellation\tessellation(ssao)\tessellation\tessellation\ssao\debug\ssao.tlog\link.13144.delete.1.tlog
e:\asu\thesis\tessellation\tessellation(ssao)\tessellation\tessellation\ssao\debug\ssao.tlog\link.13192.delete.1.tlog
e:\asu\thesis\tessellation\tessellation(ssao)\tessellation\tessellation\ssao\debug\ssao.tlog\link.13236.delete.1.tlog
e:\asu\thesis\tessellation\tessellation(ssao)\tessellation\tessellation\ssao\debug\ssao.tlog\link.13632.delete.1.tlog
e:\asu\thesis\tessellation\tessellation(ssao)\tessellation\tessellation\ssao\debug\ssao.tlog\link.14704.delete.1.tlog
e:\asu\thesis\tessellation\tessellation(ssao)\tessellation\tessellation\ssao\debug\ssao.tlog\link.156.delete.1.tlog
e:\asu\thesis\tessellation\tessellation(ssao)\tessellation\tessellation\ssao\debug\ssao.tlog\link.16160.delete.1.tlog
e:\asu\thesis\tessellation\tessellation(ssao)\tessellation\tessellation\ssao\debug\ssao.tlog\link.16164.delete.1.tlog
e:\asu\thesis\tessellation\tessellation(ssao)\tessellation\tessellation\ssao\debug\ssao.tlog\link.1668.delete.1.tlog
e:\asu\thesis\tessellation\tessellation(ssao)\tessellation\tessellation\ssao\debug\ssao.tlog\link.2124.delete.1.tlog
e:\asu\thesis\tessellation\tessellation(ssao)\tessellation\tessellation\ssao\debug\ssao.tlog\link.2300.delete.1.tlog
e:\asu\thesis\tessellation\tessellation(ssao)\tessellation\tessellation\ssao\debug\ssao.tlog\link.2716.delete.1.tlog
e:\asu\thesis\tessellation\tessellation(ssao)\tessellation\tessellation\ssao\debug\ssao.tlog\link.3896.delete.1.tlog
e:\asu\thesis\tessellation\tessellation(ssao)\tessellation\tessellation\ssao\debug\ssao.tlog\link.3912.delete.1.tlog
e:\asu\thesis\tessellation\tessellation(ssao)\tessellation\tessellation\ssao\debug\ssao.tlog\link.456.delete.1.tlog
e:\asu\thesis\tessellation\tessellation(ssao)\tessellation\tessellation\ssao\debug\ssao.tlog\link.4748.delete.1.tlog
e:\asu\thesis\tessellation\tessellation(ssao)\tessellation\tessellation\ssao\debug\ssao.tlog\link.5396.delete.1.tlog
e:\asu\thesis\tessellation\tessellation(ssao)\tessellation\tessellation\ssao\debug\ssao.tlog\link.5680.delete.1.tlog
e:\asu\thesis\tessellation\tessellation(ssao)\tessellation\tessellation\ssao\debug\ssao.tlog\link.5820.delete.1.tlog
e:\asu\thesis\tessellation\tessellation(ssao)\tessellation\tessellation\ssao\debug\ssao.tlog\link.6032.delete.1.tlog
e:\asu\thesis\tessellation\tessellation(ssao)\tessellation\tessellation\ssao\debug\ssao.tlog\link.7232.delete.1.tlog
e:\asu\thesis\tessellation\tessellation(ssao)\tessellation\tessellation\ssao\debug\ssao.tlog\link.7336.delete.1.tlog
e:\asu\thesis\tessellation\tessellation(ssao)\tessellation\tessellation\ssao\debug\ssao.tlog\link.7700.delete.1.tlog
e:\asu\thesis\tessellation\tessellation(ssao)\tessellation\tessellation\ssao\debug\ssao.tlog\link.7736.delete.1.tlog
e:\asu\thesis\tessellation\tessellation(ssao)\tessellation\tessellation\ssao\debug\ssao.tlog\link.7796.delete.1.tlog
e:\asu\thesis\tessellation\tessellation(ssao)\tessellation\tessellation\ssao\debug\ssao.tlog\link.7800.delete.1.tlog
e:\asu\thesis\tessellation\tessellation(ssao)\tessellation\tessellation\ssao\debug\ssao.tlog\link.7876.delete.1.tlog
e:\asu\thesis\tessellation\tessellation(ssao)\tessellation\tessellation\ssao\debug\ssao.tlog\link.8036.delete.1.tlog
e:\asu\thesis\tessellation\tessellation(ssao)\tessellation\tessellation\ssao\debug\ssao.tlog\link.8088.delete.1.tlog
e:\asu\thesis\tessellation\tessellation(ssao)\tessellation\tessellation\ssao\debug\ssao.tlog\link.9052.delete.1.tlog
e:\asu\thesis\tessellation\tessellation(ssao)\tessellation\tessellation\ssao\debug\ssao.tlog\link.9228.delete.1.tlog
e:\asu\thesis\tessellation\tessellation(ssao)\tessellation\tessellation\ssao\debug\ssao.tlog\link.9404.delete.1.tlog
e:\asu\thesis\tessellation\tessellation(ssao)\tessellation\tessellation\ssao\debug\ssao.tlog\link.972.delete.1.tlog
e:\asu\thesis\tessellation\tessellation(ssao)\tessellation\tessellation\ssao\debug\ssao.tlog\link.9812.delete.1.tlog
e:\asu\thesis\tessellation\tessellation(ssao)\tessellation\tessellation\ssao\debug\ssao.tlog\link.9820.delete.1.tlog
e:\asu\thesis\tessellation\tessellation(ssao)\tessellation\tessellation\ssao\debug\ssao.tlog\link.9868.delete.1.tlog
e:\asu\thesis\tessellation\tessellation(ssao)\tessellation\tessellation\ssao\debug\ssao.tlog\link.command.1.tlog
e:\asu\thesis\tessellation\tessellation(ssao)\tessellation\tessellation\ssao\debug\ssao.tlog\link.delete.1.tlog
e:\asu\thesis\tessellation\tessellation(ssao)\tessellation\tessellation\ssao\debug\ssao.tlog\link.read.1.tlog
e:\asu\thesis\tessellation\tessellation(ssao)\tessellation\tessellation\ssao\debug\ssao.tlog\link.write.1.tlog
